<?xml version="1.0" encoding="UTF-8"?>
<testsuite xmlns:xsi="http://www.w3.org/2001/XMLSchema-instance" xsi:noNamespaceSchemaLocation="https://maven.apache.org/surefire/maven-surefire-plugin/xsd/surefire-test-report-3.0.xsd" version="3.0" name="com.example.PetStoreTest" time="1.898" tests="5" errors="0" skipped="0" failures="0">
  <properties>
[...]
</properties>
  <testcase name="testUpdatePetDetails" classname="com.example.PetStoreTest" time="1.395"/>
  <testcase name="testGetPetById" classname="com.example.PetStoreTest" time="0.081"/>
  <testcase name="testDeletePet" classname="com.example.PetStoreTest" time="0.032"/>
  <testcase name="testCreatePet" classname="com.example.PetStoreTest" time="0.024"/>
  <testcase name="testGetPetByIdNotFounded" classname="com.example.PetStoreTest" time="0.011"/>
</testsuite>